<?xml version="1.0" encoding="UTF-8"?>
<!-- Generated by org.testng.reporters.JUnitReportReporter -->
<testsuite hostname="LAPTOP-88CDOJ89" failures="0" tests="1" name="First_Test" time="2.578" errors="0" timestamp="2021-07-14T19:22:46 IST" skipped="0">
  <testcase classname="First_Test" name="signin" time="2.578"/>
  <system-out/>
</testsuite> <!-- First_Test -->
